<col:collection xmlns="http://cnx.rice.edu/collxml" xmlns:col="http://cnx.rice.edu/collxml" xml:lang="en">
  <metadata xmlns:md="http://cnx.rice.edu/mdml" mdml-version="0.5">
  <md:content-id>col11921</md:content-id>
  <md:title>test collection</md:title>
  
  
  <md:license url="http://creativecommons.org/licenses/by/4.0/">Creative Commons Attribution License 4.0</md:license>
  <md:language>en</md:language>

  

  
  
  
  
  

  <md:uuid>f4b318d6-b527-49e6-98b9-0cbbc4b7e858</md:uuid>
<md:slug>test-collection</md:slug>
</metadata>

  <col:content>
    
      <col:module document="m58203"/>
        
      
    
  </col:content>
</col:collection>