<?xml version="1.0"?>
<col:collection xmlns="http://cnx.rice.edu/collxml" xmlns:md="http://cnx.rice.edu/mdml" xmlns:col="http://cnx.rice.edu/collxml" xml:lang="en" authors="Test Test">
  <metadata xmlns:md="http://cnx.rice.edu/mdml" mdml-version="0.5">
    <md:content-id>col11876</md:content-id>
    <md:title>TEST COLLECTION FOR TESTING</md:title>
    <md:language>en</md:language>
    <md:license url="http://creativecommons.org/licenses/by/4.0/">Creative Commons Attribution License</md:license>
    <md:uuid>dd12773a-fb8a-4188-a8f5-8580ebfbe3f2</md:uuid>
    <md:slug>test-collection</md:slug>
  </metadata>
  <col:content>
    <col:subcollection>
      <md:title>Chapter 1</md:title>
      <col:content>
        <col:module document="m57704"/>
      </col:content>
    </col:subcollection>
    <col:subcollection>
      <md:title>Chapter 2</md:title>
      <col:content>
        <col:module document="m77469"/>
      </col:content>
    </col:subcollection>
  </col:content>
</col:collection>
